Command line:
   SumadorTB_isim_beh.exe
     -simmode  gui
     -simrunnum  0
     -socket  58332

Mon Apr 25 16:24:30 2016


 Elaboration Time: 0.203125 sec

 Current Memory Usage: 848.294 Meg

 Total Signals          : 6
 Total Nets             : 96
 Total Signal Drivers   : 3
 Total Blocks           : 5
 Total Primitive Blocks : 4
 Total Processes        : 2
 Total Traceable Variables  : 10
 Total Scalar Nets and Variables : 474
Total Line Count : 7

 Total Simulation Time: 0.40625 sec

 Current Memory Usage: 1162.87 Meg

Mon Apr 25 16:25:05 2016

