Release 14.7 - xst P.20131013 (nt64)
Copyright (c) 1995-2013 Xilinx, Inc.  All rights reserved.
--> Parameter TMPDIR set to xst/projnav.tmp


Total REAL time to Xst completion: 0.00 secs
Total CPU time to Xst completion: 0.13 secs
 
--> Parameter xsthdpdir set to xst


Total REAL time to Xst completion: 0.00 secs
Total CPU time to Xst completion: 0.13 secs
 
--> Reading design: Procesador_Intel_Core_i_7_6700k.prj

TABLE OF CONTENTS
  1) Synthesis Options Summary
  2) HDL Compilation
  3) Design Hierarchy Analysis
  4) HDL Analysis
  5) HDL Synthesis
     5.1) HDL Synthesis Report
  6) Advanced HDL Synthesis
     6.1) Advanced HDL Synthesis Report
  7) Low Level Synthesis
  8) Partition Report
  9) Final Report
	9.1) Device utilization summary
	9.2) Partition Resource Summary
	9.3) TIMING REPORT


=========================================================================
*                      Synthesis Options Summary                        *
=========================================================================
---- Source Parameters
Input File Name                    : "Procesador_Intel_Core_i_7_6700k.prj"
Input Format                       : mixed
Ignore Synthesis Constraint File   : NO

---- Target Parameters
Output File Name                   : "Procesador_Intel_Core_i_7_6700k"
Output Format                      : NGC
Target Device                      : xc3s100e-4-vq100

---- Source Options
Top Module Name                    : Procesador_Intel_Core_i_7_6700k
Automatic FSM Extraction           : YES
FSM Encoding Algorithm             : Auto
Safe Implementation                : No
FSM Style                          : LUT
RAM Extraction                     : Yes
RAM Style                          : Auto
ROM Extraction                     : Yes
Mux Style                          : Auto
Decoder Extraction                 : YES
Priority Encoder Extraction        : Yes
Shift Register Extraction          : YES
Logical Shifter Extraction         : YES
XOR Collapsing                     : YES
ROM Style                          : Auto
Mux Extraction                     : Yes
Resource Sharing                   : YES
Asynchronous To Synchronous        : NO
Multiplier Style                   : Auto
Automatic Register Balancing       : No

---- Target Options
Add IO Buffers                     : YES
Global Maximum Fanout              : 100000
Add Generic Clock Buffer(BUFG)     : 24
Register Duplication               : YES
Slice Packing                      : YES
Optimize Instantiated Primitives   : NO
Use Clock Enable                   : Yes
Use Synchronous Set                : Yes
Use Synchronous Reset              : Yes
Pack IO Registers into IOBs        : Auto
Equivalent register Removal        : YES

---- General Options
Optimization Goal                  : Speed
Optimization Effort                : 1
Keep Hierarchy                     : No
Netlist Hierarchy                  : As_Optimized
RTL Output                         : Yes
Global Optimization                : AllClockNets
Read Cores                         : YES
Write Timing Constraints           : NO
Cross Clock Analysis               : NO
Hierarchy Separator                : /
Bus Delimiter                      : <>
Case Specifier                     : Maintain
Slice Utilization Ratio            : 100
BRAM Utilization Ratio             : 100
Verilog 2001                       : YES
Auto BRAM Packing                  : NO
Slice Utilization Ratio Delta      : 5

=========================================================================


=========================================================================
*                          HDL Compilation                              *
=========================================================================
Compiling vhdl file "D:/Biblioteca/Documents/Procesador/Procesador32/Sumador.vhd" in Library work.
Architecture behavioral of Entity sumador is up to date.
Compiling vhdl file "D:/Biblioteca/Documents/Procesador/Procesador32/NPC.vhd" in Library work.
Architecture behavioral of Entity npc is up to date.
Compiling vhdl file "D:/Biblioteca/Documents/Procesador/Procesador32/PC.vhd" in Library work.
Architecture behavioral of Entity pc is up to date.
Compiling vhdl file "D:/Biblioteca/Documents/Procesador/Procesador32/instructionMemory.vhd" in Library work.
Architecture arqinstructionmemory of Entity instructionmemory is up to date.
Compiling vhdl file "D:/Biblioteca/Documents/Procesador/Procesador32/Procesador_Intel_Core_i_7_6700k.vhd" in Library work.
Architecture behavioral of Entity procesador_intel_core_i_7_6700k is up to date.

=========================================================================
*                     Design Hierarchy Analysis                         *
=========================================================================
Analyzing hierarchy for entity <Procesador_Intel_Core_i_7_6700k> in library <work> (architecture <behavioral>).

Analyzing hierarchy for entity <Sumador> in library <work> (architecture <behavioral>).

Analyzing hierarchy for entity <NPC> in library <work> (architecture <behavioral>).

Analyzing hierarchy for entity <PC> in library <work> (architecture <behavioral>).

Analyzing hierarchy for entity <instructionMemory> in library <work> (architecture <arqinstructionmemory>).


=========================================================================
*                            HDL Analysis                               *
=========================================================================
Analyzing Entity <Procesador_Intel_Core_i_7_6700k> in library <work> (Architecture <behavioral>).
Entity <Procesador_Intel_Core_i_7_6700k> analyzed. Unit <Procesador_Intel_Core_i_7_6700k> generated.

Analyzing Entity <Sumador> in library <work> (Architecture <behavioral>).
Entity <Sumador> analyzed. Unit <Sumador> generated.

Analyzing Entity <NPC> in library <work> (Architecture <behavioral>).
Entity <NPC> analyzed. Unit <NPC> generated.

Analyzing Entity <PC> in library <work> (Architecture <behavioral>).
Entity <PC> analyzed. Unit <PC> generated.

Analyzing Entity <instructionMemory> in library <work> (Architecture <arqinstructionmemory>).
Entity <instructionMemory> analyzed. Unit <instructionMemory> generated.


=========================================================================
*                           HDL Synthesis                               *
=========================================================================

Performing bidirectional port resolution...

Synthesizing Unit <Sumador>.
    Related source file is "D:/Biblioteca/Documents/Procesador/Procesador32/Sumador.vhd".
    Found 32-bit adder for signal <NuevaDireccion>.
    Summary:
	inferred   1 Adder/Subtractor(s).
Unit <Sumador> synthesized.


Synthesizing Unit <NPC>.
    Related source file is "D:/Biblioteca/Documents/Procesador/Procesador32/NPC.vhd".
    Found 32-bit register for signal <NuevaDireccion>.
    Summary:
	inferred  32 D-type flip-flop(s).
Unit <NPC> synthesized.


Synthesizing Unit <PC>.
    Related source file is "D:/Biblioteca/Documents/Procesador/Procesador32/PC.vhd".
    Found 32-bit register for signal <NuevaDireccion>.
    Summary:
	inferred  32 D-type flip-flop(s).
Unit <PC> synthesized.


Synthesizing Unit <instructionMemory>.
    Related source file is "D:/Biblioteca/Documents/Procesador/Procesador32/instructionMemory.vhd".
WARNING:Xst:647 - Input <address<31:5>> is never used. This port will be preserved and left unconnected if it belongs to a top-level block or it belongs to a sub-block and the hierarchy of this sub-block is preserved.
WARNING:Xst:1781 - Signal <instructions> is used but never assigned. Tied to default value.
    Found 32x32-bit ROM for signal <$varindex0000> created at line 61.
    Summary:
	inferred   1 ROM(s).
Unit <instructionMemory> synthesized.


Synthesizing Unit <Procesador_Intel_Core_i_7_6700k>.
    Related source file is "D:/Biblioteca/Documents/Procesador/Procesador32/Procesador_Intel_Core_i_7_6700k.vhd".
WARNING:Xst:1306 - Output <OutProcesador> is never assigned.
WARNING:Xst:646 - Signal <IMToURS> is assigned but never used. This unconnected signal will be trimmed during the optimization process.
Unit <Procesador_Intel_Core_i_7_6700k> synthesized.


=========================================================================
HDL Synthesis Report

Macro Statistics
# ROMs                                                 : 1
 32x32-bit ROM                                         : 1
# Adders/Subtractors                                   : 1
 32-bit adder                                          : 1
# Registers                                            : 2
 32-bit register                                       : 2

=========================================================================

=========================================================================
*                       Advanced HDL Synthesis                          *
=========================================================================

WARNING:Xst:1290 - Hierarchical block <Inst_Sumador> is unconnected in block <Procesador_Intel_Core_i_7_6700k>.
   It will be removed from the design.
WARNING:Xst:1290 - Hierarchical block <Inst_NPC> is unconnected in block <Procesador_Intel_Core_i_7_6700k>.
   It will be removed from the design.
WARNING:Xst:1290 - Hierarchical block <Inst_PC> is unconnected in block <Procesador_Intel_Core_i_7_6700k>.
   It will be removed from the design.
WARNING:Xst:1290 - Hierarchical block <Inst_instructionMemory> is unconnected in block <Procesador_Intel_Core_i_7_6700k>.
   It will be removed from the design.

=========================================================================
Advanced HDL Synthesis Report

Macro Statistics
# ROMs                                                 : 1
 32x32-bit ROM                                         : 1
# Adders/Subtractors                                   : 1
 32-bit adder                                          : 1
# Registers                                            : 64
 Flip-Flops                                            : 64

=========================================================================

=========================================================================
*                         Low Level Synthesis                           *
=========================================================================
WARNING:Xst:524 - All outputs of the instance <Inst_NPC> of the block <NPC> are unconnected in block <Procesador_Intel_Core_i_7_6700k>.
   This instance will be removed from the design along with all underlying logic
WARNING:Xst:524 - All outputs of the instance <Inst_PC> of the block <PC> are unconnected in block <Procesador_Intel_Core_i_7_6700k>.
   This instance will be removed from the design along with all underlying logic

Optimizing unit <Procesador_Intel_Core_i_7_6700k> ...

Optimizing unit <NPC> ...

Optimizing unit <PC> ...

Mapping all equations...
Building and optimizing final netlist ...
Found area constraint ratio of 100 (+ 5) on block Procesador_Intel_Core_i_7_6700k, actual ratio is 0.

Final Macro Processing ...

=========================================================================
Final Register Report

Found no macro
=========================================================================

=========================================================================
*                           Partition Report                            *
=========================================================================

Partition Implementation Status
-------------------------------

  No Partitions were found in this design.

-------------------------------

=========================================================================
*                            Final Report                               *
=========================================================================
Final Results
RTL Top Level Output File Name     : Procesador_Intel_Core_i_7_6700k.ngr
Top Level Output File Name         : Procesador_Intel_Core_i_7_6700k
Output Format                      : NGC
Optimization Goal                  : Speed
Keep Hierarchy                     : No

Design Statistics
# IOs                              : 34

Cell Usage :
=========================================================================

Device utilization summary:
---------------------------

Selected Device : 3s100evq100-4 

 Number of Slices:                        0  out of    960     0%  
 Number of IOs:                          34
 Number of bonded IOBs:                   0  out of     66     0%  

---------------------------
Partition Resource Summary:
---------------------------

  No Partitions were found in this design.

---------------------------


=========================================================================
TIMING REPORT

NOTE: THESE TIMING NUMBERS ARE ONLY A SYNTHESIS ESTIMATE.
      FOR ACCURATE TIMING INFORMATION PLEASE REFER TO THE TRACE REPORT
      GENERATED AFTER PLACE-and-ROUTE.

Clock Information:
------------------
No clock signals found in this design

Asynchronous Control Signals Information:
----------------------------------------
No asynchronous control signals found in this design

Timing Summary:
---------------
Speed Grade: -4

   Minimum period: No path found
   Minimum input arrival time before clock: No path found
   Maximum output required time after clock: No path found
   Maximum combinational path delay: No path found

Timing Detail:
--------------
All values displayed in nanoseconds (ns)

=========================================================================


Total REAL time to Xst completion: 6.00 secs
Total CPU time to Xst completion: 6.81 secs
 
--> 

Total memory usage is 309772 kilobytes

Number of errors   :    0 (   0 filtered)
Number of warnings :   10 (   0 filtered)
Number of infos    :    0 (   0 filtered)

