Command line:
   NPCTB_isim_beh.exe
     -simmode  gui
     -simrunnum  0
     -socket  56718

Sat Apr 23 15:27:44 2016


 Elaboration Time: 0.234375 sec

 Current Memory Usage: 847.712 Meg

 Total Signals          : 8
 Total Nets             : 66
 Total Signal Drivers   : 4
 Total Blocks           : 3
 Total Primitive Blocks : 2
 Total Processes        : 3
 Total Traceable Variables  : 9
 Total Scalar Nets and Variables : 427
Total Line Count : 21

 Total Simulation Time: 0.265625 sec

 Current Memory Usage: 847.712 Meg

Sat Apr 23 15:27:50 2016

