Command line:
   NPC_isim_beh.exe
     -simmode  gui
     -simrunnum  0
     -socket  51637

Wed Apr 27 22:27:55 2016


 Elaboration Time: 0.28125 sec

 Current Memory Usage: 848.212 Meg

 Total Signals          : 4
 Total Nets             : 66
 Total Signal Drivers   : 1
 Total Blocks           : 2
 Total Primitive Blocks : 2
 Total Processes        : 1
 Total Traceable Variables  : 8
 Total Scalar Nets and Variables : 426
Total Line Count : 4

 Total Simulation Time: 0.296875 sec

 Current Memory Usage: 848.212 Meg

Wed Apr 27 22:28:09 2016

