Command line:
   PC_isim_beh.exe
     -simmode  gui
     -simrunnum  1
     -socket  56712

Sat Apr 23 15:26:38 2016


 Elaboration Time: 0.234375 sec

 Current Memory Usage: 847.692 Meg

 Total Signals          : 4
 Total Nets             : 66
 Total Signal Drivers   : 1
 Total Blocks           : 2
 Total Primitive Blocks : 2
 Total Processes        : 1
 Total Traceable Variables  : 8
 Total Scalar Nets and Variables : 426
Total Line Count : 4

 Total Simulation Time: 0.265625 sec

 Current Memory Usage: 1162.26 Meg

Sat Apr 23 15:27:35 2016

