Command line:
   SEUTB_isim_beh.exe
     -simmode  gui
     -simrunnum  0
     -socket  50195

Wed Apr 27 17:56:45 2016


 Elaboration Time: 0.21875 sec

 Current Memory Usage: 848.212 Meg

 Total Signals          : 4
 Total Nets             : 45
 Total Signal Drivers   : 1
 Total Blocks           : 3
 Total Primitive Blocks : 2
 Total Processes        : 2
 Total Traceable Variables  : 8
 Total Scalar Nets and Variables : 405
Total Line Count : 7

 Total Simulation Time: 0.25 sec

 Current Memory Usage: 848.212 Meg

Wed Apr 27 17:56:49 2016

