Command line:
   PCTB_isim_beh.exe
     -simmode  gui
     -simrunnum  0
     -socket  58303

Mon Apr 25 16:20:17 2016


 Elaboration Time: 0.28125 sec

 Current Memory Usage: 848.212 Meg

 Total Signals          : 8
 Total Nets             : 66
 Total Signal Drivers   : 4
 Total Blocks           : 3
 Total Primitive Blocks : 2
 Total Processes        : 3
 Total Traceable Variables  : 9
 Total Scalar Nets and Variables : 427
Total Line Count : 21

 Total Simulation Time: 0.546875 sec

 Current Memory Usage: 690.926 Meg

Mon Apr 25 16:21:17 2016

